<?xml version="1.0" encoding="UTF-8"?>
<!-- Generated by org.testng.reporters.JUnitReportReporter -->
<testsuite hostname="LAPTOP-B60O8NK3" failures="0" tests="1" name="tests.SigninTest" time="17.793" errors="0" timestamp="2025-07-21T23:42:32 IST" skipped="0">
  <testcase classname="tests.SigninTest" name="signinPageTest" time="17.793"/>
</testsuite> <!-- tests.SigninTest -->
